<?xml version="1.0" encoding="UTF-8"?>
<!-- Generated by org.testng.reporters.JUnitXMLReporter -->
<testsuite ignored="0" hostname="DESKTOP-H0I39BA" failures="0" tests="9" name="Default test" time="25.386" errors="0" timestamp="2025-01-18T20:58:29 EET">
  <testcase classname="AlmosaferPackage.AlmosaferTestCases" name="CheckTheDefualtLanguage" time="0.044"/>
  <testcase classname="AlmosaferPackage.AlmosaferTestCases" name="CheckTheDefualtCurrency" time="0.035"/>
  <testcase classname="AlmosaferPackage.AlmosaferTestCases" name="CheckTheMobileNumber" time="0.054"/>
  <testcase classname="AlmosaferPackage.AlmosaferTestCases" name="CheckQitafLogo" time="0.085"/>
  <testcase classname="AlmosaferPackage.AlmosaferTestCases" name="CheckHotelTabNotSelected" time="0.023"/>
  <testcase classname="AlmosaferPackage.AlmosaferTestCases" name="CheckDepartureDate" time="0.029"/>
  <testcase classname="AlmosaferPackage.AlmosaferTestCases" name="CheckReturnDate" time="0.022"/>
  <testcase classname="AlmosaferPackage.AlmosaferTestCases" name="RandomChangeLanguage" time="1.13"/>
  <testcase classname="AlmosaferPackage.AlmosaferTestCases" name="SwitcToHotelTab" time="19.618"/>
</testsuite> <!-- Default test -->
