<?xml version="1.0" encoding="UTF-8"?>
<testng-results ignored="0" total="9" passed="9" failed="0" skipped="0">
  <reporter-output>
  </reporter-output>
  <suite started-at="2025-01-18T20:58:03 EET" name="Default suite" finished-at="2025-01-18T20:58:29 EET" duration-ms="25386">
    <groups>
    </groups>
    <test started-at="2025-01-18T20:58:03 EET" name="Default test" finished-at="2025-01-18T20:58:29 EET" duration-ms="25386">
      <class name="AlmosaferPackage.AlmosaferTestCases">
        <test-method is-config="true" signature="Before_test()[pri:0, instance:AlmosaferPackage.AlmosaferTestCases@366ac49b]" started-at="2025-01-18T20:58:03 EET" name="Before_test" finished-at="2025-01-18T20:58:08 EET" duration-ms="4295" status="PASS">
          <reporter-output>
          </reporter-output>
        </test-method> <!-- Before_test -->
        <test-method signature="CheckTheDefualtLanguage()[pri:1, instance:AlmosaferPackage.AlmosaferTestCases@366ac49b]" started-at="2025-01-18T20:58:08 EET" name="CheckTheDefualtLanguage" finished-at="2025-01-18T20:58:08 EET" duration-ms="44" status="PASS">
          <reporter-output>
          </reporter-output>
        </test-method> <!-- CheckTheDefualtLanguage -->
        <test-method signature="CheckTheDefualtCurrency()[pri:2, instance:AlmosaferPackage.AlmosaferTestCases@366ac49b]" started-at="2025-01-18T20:58:08 EET" name="CheckTheDefualtCurrency" finished-at="2025-01-18T20:58:08 EET" duration-ms="35" status="PASS">
          <reporter-output>
          </reporter-output>
        </test-method> <!-- CheckTheDefualtCurrency -->
        <test-method signature="CheckTheMobileNumber()[pri:3, instance:AlmosaferPackage.AlmosaferTestCases@366ac49b]" started-at="2025-01-18T20:58:08 EET" name="CheckTheMobileNumber" finished-at="2025-01-18T20:58:08 EET" duration-ms="54" status="PASS">
          <reporter-output>
          </reporter-output>
        </test-method> <!-- CheckTheMobileNumber -->
        <test-method signature="CheckQitafLogo()[pri:4, instance:AlmosaferPackage.AlmosaferTestCases@366ac49b]" started-at="2025-01-18T20:58:08 EET" name="CheckQitafLogo" finished-at="2025-01-18T20:58:08 EET" duration-ms="85" status="PASS">
          <reporter-output>
          </reporter-output>
        </test-method> <!-- CheckQitafLogo -->
        <test-method signature="CheckHotelTabNotSelected()[pri:5, instance:AlmosaferPackage.AlmosaferTestCases@366ac49b]" started-at="2025-01-18T20:58:08 EET" name="CheckHotelTabNotSelected" finished-at="2025-01-18T20:58:08 EET" duration-ms="23" status="PASS">
          <reporter-output>
          </reporter-output>
        </test-method> <!-- CheckHotelTabNotSelected -->
        <test-method signature="CheckDepartureDate()[pri:6, instance:AlmosaferPackage.AlmosaferTestCases@366ac49b]" started-at="2025-01-18T20:58:08 EET" name="CheckDepartureDate" finished-at="2025-01-18T20:58:08 EET" duration-ms="29" status="PASS">
          <reporter-output>
          </reporter-output>
        </test-method> <!-- CheckDepartureDate -->
        <test-method signature="CheckReturnDate()[pri:7, instance:AlmosaferPackage.AlmosaferTestCases@366ac49b]" started-at="2025-01-18T20:58:08 EET" name="CheckReturnDate" finished-at="2025-01-18T20:58:08 EET" duration-ms="22" status="PASS">
          <reporter-output>
          </reporter-output>
        </test-method> <!-- CheckReturnDate -->
        <test-method signature="RandomChangeLanguage()[pri:8, instance:AlmosaferPackage.AlmosaferTestCases@366ac49b]" started-at="2025-01-18T20:58:08 EET" name="RandomChangeLanguage" finished-at="2025-01-18T20:58:09 EET" duration-ms="1130" status="PASS">
          <reporter-output>
          </reporter-output>
        </test-method> <!-- RandomChangeLanguage -->
        <test-method signature="SwitcToHotelTab()[pri:9, instance:AlmosaferPackage.AlmosaferTestCases@366ac49b]" started-at="2025-01-18T20:58:09 EET" name="SwitcToHotelTab" finished-at="2025-01-18T20:58:29 EET" duration-ms="19618" status="PASS">
          <reporter-output>
          </reporter-output>
        </test-method> <!-- SwitcToHotelTab -->
      </class> <!-- AlmosaferPackage.AlmosaferTestCases -->
    </test> <!-- Default test -->
  </suite> <!-- Default suite -->
</testng-results>
